=== Iniciando contenedor NestJS ===
Fecha: Fri Feb 27 14:29:50 UTC 2026
Cargando entrypoint base (SSH, usuario, sudo)...
Entrypoint base ejecutado
Cargando entrypoint PostgreSQL...
ADVERTENCIA: start.sh de PostgreSQL no encontrado
Cargando entrypoint Nginx...
ADVERTENCIA: start.sh de Nginx no encontrado
Cambiando directorio al proyecto NestJS...
Directorio cambiado a: /root/admin/node/proyectos/iawprojects
Instalando dependencias NestJS...
ERROR: Falló npm run build
=== Iniciando contenedor NestJS ===
Fecha: Fri Feb 27 14:31:42 UTC 2026
Cargando entrypoint base (SSH, usuario, sudo)...
Entrypoint base ejecutado
Cargando entrypoint PostgreSQL...
ADVERTENCIA: start.sh de PostgreSQL no encontrado
Cargando entrypoint Nginx...
ADVERTENCIA: start.sh de Nginx no encontrado
Cambiando directorio al proyecto NestJS...
Directorio cambiado a: /root/admin/node/proyectos/iawprojects
Instalando dependencias NestJS...
ERROR: Falló npm run build
=== Iniciando contenedor NestJS ===
Fecha: Fri Feb 27 14:34:37 UTC 2026
Cargando entrypoint base (SSH, usuario, sudo)...
Entrypoint base ejecutado
Cargando entrypoint PostgreSQL...
ADVERTENCIA: start.sh de PostgreSQL no encontrado
Cargando entrypoint Nginx...
ADVERTENCIA: start.sh de Nginx no encontrado
Cambiando directorio al proyecto NestJS...
Directorio cambiado a: /root/admin/node/proyectos/iawprojects
Instalando dependencias NestJS...
ERROR: Falló npm run build
=== Iniciando contenedor NestJS ===
Fecha: Fri Feb 27 14:40:09 UTC 2026
Cargando entrypoint base (SSH, usuario, sudo)...
Entrypoint base ejecutado
Cargando entrypoint PostgreSQL...
ADVERTENCIA: start.sh de PostgreSQL no encontrado
Cargando entrypoint Nginx...
ADVERTENCIA: start.sh de Nginx no encontrado
Cambiando directorio al proyecto NestJS...
Directorio cambiado a: /root/admin/node/proyectos/iawprojects
Instalando dependencias NestJS...
Proyecto NestJS construido
ADVERTENCIA: Directorio public no encontrado
Arrancando NestJS en segundo plano...
Configurando Nginx...
Nginx arrancando en primer plano...
