=== PORT AUDITORIO ===
Container: ctdavidseguridad

--- Listening TCP/UDP ports ---
/root/admin/ubseguridad/start.sh: line 16: ss: command not found

--- Exposed enviroment ports ---
PORT_WEB=8099
PORT_SSH=45678

=== END AUDITORIa ===
=== PORT AUDITORIO ===
Container: ctdavidseguridad

--- Listening TCP/UDP ports ---
/root/admin/ubseguridad/start.sh: line 16: ss: command not found

--- Exposed enviroment ports ---
PORT_WEB=8099
PORT_SSH=45678

=== END AUDITORIa ===
=== PORT AUDITORIO ===
Container: ctdavidseguridad

--- Listening TCP/UDP ports ---
/root/admin/ubseguridad/start.sh: line 16: ss: command not found

--- Exposed enviroment ports ---
PORT_WEB=8099
PORT_SSH=45678

=== END AUDITORIa ===
=== PORT AUDITORIO ===
Container: ctdavidseguridad

--- Listening TCP/UDP ports ---
/root/admin/ubseguridad/start.sh: line 16: ss: command not found

--- Exposed enviroment ports ---
PORT_WEB=8099
PORT_SSH=45678

=== END AUDITORIa ===
=== PORT AUDITORIO ===
Container: ctdavidseguridad

--- Listening TCP/UDP ports ---
/root/admin/ubseguridad/start.sh: line 16: ss: command not found

--- Exposed enviroment ports ---
PORT_WEB=8099
PORT_SSH=45678

=== END AUDITORIa ===
=== PORT AUDITORIO ===
Container: ctdavidseguridad

--- Listening TCP/UDP ports ---
/root/admin/ubseguridad/start.sh: line 16: ss: command not found

--- Exposed enviroment ports ---
PORT_WEB=8099
PORT_SSH=45678

=== END AUDITORIa ===
=== PORT AUDITORIO ===
Container: ctdavidseguridad

--- Listening TCP/UDP ports ---
/root/admin/ubseguridad/start.sh: line 16: ss: command not found

--- Exposed enviroment ports ---
PORT_WEB=8099
PORT_SSH=45678

=== END AUDITORIa ===
=== PORT AUDITORIO ===
Container: ctdavidseguridad

--- Listening TCP/UDP ports ---
/root/admin/ubseguridad/start.sh: line 16: ss: command not found

--- Exposed enviroment ports ---
PORT_WEB=8099
PORT_SSH=45678

=== END AUDITORIa ===
=== PORT AUDITORIO ===
Container: ctdavidseguridad

--- Listening TCP/UDP ports ---
/root/admin/ubseguridad/start.sh: line 16: ss: command not found

--- Exposed enviroment ports ---
PORT_WEB=8099
PORT_SSH=45678

=== END AUDITORIa ===
=== PORT AUDITORIO ===
Container: ctdavidseguridad

--- Listening TCP/UDP ports ---
/root/admin/ubseguridad/start.sh: line 16: ss: command not found

--- Exposed enviroment ports ---
PORT_WEB=8099
PORT_SSH=45678

=== END AUDITORIa ===
=== PORT AUDITORIO ===
Container: ctdavidseguridad

--- Listening TCP/UDP ports ---
/root/admin/ubseguridad/start.sh: line 16: ss: command not found

--- Exposed enviroment ports ---
PORT_WEB=8099
PORT_SSH=45678

=== END AUDITORIa ===
=== PORT AUDITORIO ===
Container: ctdavidseguridad

--- Listening TCP/UDP ports ---
/root/admin/ubseguridad/start.sh: line 16: ss: command not found

--- Exposed enviroment ports ---
PORT_WEB=8099
PORT_SSH=45678

=== END AUDITORIa ===
=== PORT AUDITORIO ===
Container: ctdavidseguridad

--- Listening TCP/UDP ports ---
/root/admin/ubseguridad/start.sh: line 16: ss: command not found

--- Exposed enviroment ports ---
PORT_WEB=8099
PORT_SSH=45678

=== END AUDITORIa ===
=== PORT AUDITORIO ===
Container: ctdavidseguridad

--- Listening TCP/UDP ports ---
/root/admin/ubseguridad/start.sh: line 16: ss: command not found

--- Exposed enviroment ports ---
PORT_WEB=8099
PORT_SSH=45678

=== END AUDITORIa ===
=== PORT AUDITORIO ===
Container: ctdavidseguridad

--- Listening TCP/UDP ports ---
/root/admin/ubseguridad/start.sh: line 16: ss: command not found

--- Exposed enviroment ports ---
PORT_WEB=8099
PORT_SSH=45678

=== END AUDITORIa ===
=== PORT AUDITORIO ===
Container: ctdavidseguridad

--- Listening TCP/UDP ports ---
/root/admin/ubseguridad/start.sh: line 16: ss: command not found

--- Exposed enviroment ports ---
PORT_WEB=8099
PORT_SSH=45678

=== END AUDITORIa ===
